Info : 2023/08/23 12:48:21 [Request]	- Method: GET		URL: /
Info : 2023/08/23 12:48:21 [Request]	- Method: GET		URL: /web/plugins/bootstrap/css/bootstrap.min.css
Info : 2023/08/23 12:48:21 [Request]	- Method: GET		URL: /web/plugins/jquery/js/jquery.min.js
Info : 2023/08/23 12:48:21 [Request]	- Method: GET		URL: /web/plugins/bootstrap/js/bootstrap.min.js
Info : 2023/08/23 12:48:21 [Request]	- Method: GET		URL: /web/img/favicon.ico
Info : 2023/08/23 14:02:50 [Request]	- Method: GET		URL: /
Info : 2023/08/23 14:03:10 [Request]	- Method: GET		URL: /look
Info : 2023/08/23 14:03:10 [Request]	- Method: GET		URL: /look/
Info : 2023/08/23 14:03:10 [Request]	- Method: GET		URL: /web/img/golang-right.png
Info : 2023/08/23 14:03:17 [Request]	- Method: GET		URL: /web
Info : 2023/08/23 14:03:17 [Request]	- Method: GET		URL: /web/
Info : 2023/08/23 14:03:17 [Request]	- Method: GET		URL: /favicon.ico
Info : 2023/08/23 14:03:22 [Request]	- Method: GET		URL: /web/templates/
Info : 2023/08/23 14:03:22 [Request]	- Method: GET		URL: /favicon.ico
Info : 2023/08/23 14:03:24 [Request]	- Method: GET		URL: /favicon.ico
Info : 2023/08/23 14:03:27 [Request]	- Method: GET		URL: /debug/pprof
Info : 2023/08/23 14:03:27 [Request]	- Method: GET		URL: /debug/pprof/
Info : 2023/08/23 14:03:27 [Request]	- Method: GET		URL: /favicon.ico
Info : 2023/08/23 14:03:30 [Request]	- Method: GET		URL: /debug/pprof/threadcreate
Info : 2023/08/23 14:03:30 [Request]	- Method: GET		URL: /favicon.ico
Info : 2023/08/23 14:03:32 [Request]	- Method: GET		URL: /favicon.ico
Info : 2023/08/23 17:41:37 [Request]	- Method: GET		URL: /
Info : 2023/08/23 17:41:37 [Request]	- Method: GET		URL: /web/plugins/bootstrap/js/bootstrap.min.js
Info : 2023/08/23 17:41:37 [Request]	- Method: GET		URL: /web/plugins/jquery/js/jquery.min.js
Info : 2023/08/23 17:41:37 [Request]	- Method: GET		URL: /web/plugins/bootstrap/css/bootstrap.min.css
